Using pre-set license
Built from '2020.3/staging' branch; Version is '2020.3.19f1 (68f137dc9bbe) revision 6877495'; Using compiler version '192528614'; Build Type 'Release'
OS: 'Windows 10 Pro; OS build 22000.194; Version 2009; 64bit' Language: 'en' Physical Memory: 8100 MB
BatchMode: 1, IsHumanControllingUs: 0, StartBugReporterOnCrash: 0, Is64bit: 1, IsPro: 0

COMMAND LINE ARGUMENTS:
C:\Program Files\Unity\Hub\Editor\2020.3.19f1\Editor\Unity.exe
-adb2
-batchMode
-noUpm
-name
AssetImportWorker0
-projectPath
C:/Unity/toy metch 3d
-logFile
Logs/AssetImportWorker0.log
-srvPort
57092
Successfully changed project path to: C:/Unity/toy metch 3d
C:/Unity/toy metch 3d
Using Asset Import Pipeline V2.
Refreshing native plugins compatible for Editor in 44.03 ms, found 2 plugins.
Preloading 0 native plugins for Editor in 0.00 ms.
Initialize engine version: 2020.3.19f1 (68f137dc9bbe)
[Subsystems] Discovering subsystems at path C:/Program Files/Unity/Hub/Editor/2020.3.19f1/Editor/Data/Resources/UnitySubsystems
[Subsystems] Discovering subsystems at path C:/Unity/toy metch 3d/Assets
GfxDevice: creating device client; threaded=0
Direct3D:
    Version:  Direct3D 11.0 [level 11.0]
    Renderer: NVIDIA GeForce 920MX (ID=0x134f)
    Vendor:   
    VRAM:     2010 MB
    Driver:   25.21.14.1735
Initialize mono
Mono path[0] = 'C:/Program Files/Unity/Hub/Editor/2020.3.19f1/Editor/Data/Managed'
Mono path[1] = 'C:/Program Files/Unity/Hub/Editor/2020.3.19f1/Editor/Data/MonoBleedingEdge/lib/mono/unityjit'
Mono config path = 'C:/Program Files/Unity/Hub/Editor/2020.3.19f1/Editor/Data/MonoBleedingEdge/etc'
Using monoOptions --debugger-agent=transport=dt_socket,embedding=1,server=y,suspend=n,address=127.0.0.1:56728
Begin MonoManager ReloadAssembly
Registering precompiled unity dll's ...
Register platform support module: C:/Program Files/Unity/Hub/Editor/2020.3.19f1/Editor/Data/PlaybackEngines/WindowsStandaloneSupport/UnityEditor.WindowsStandalone.Extensions.dll
Registered in 0.001913 seconds.
Native extension for WindowsStandalone target not found
Refreshing native plugins compatible for Editor in 36.19 ms, found 2 plugins.
Preloading 0 native plugins for Editor in 0.00 ms.
Mono: successfully reloaded assembly
- Completed reload, in  2.154 seconds
Domain Reload Profiling:
	ReloadAssembly (2155ms)
		BeginReloadAssembly (72ms)
			ExecutionOrderSort (0ms)
			DisableScriptedObjects (0ms)
			BackupInstance (0ms)
			ReleaseScriptingObjects (0ms)
			CreateAndSetChildDomain (1ms)
		EndReloadAssembly (539ms)
			LoadAssemblies (69ms)
			RebuildTransferFunctionScriptingTraits (0ms)
			SetupTypeCache (199ms)
			ReleaseScriptCaches (0ms)
			RebuildScriptCaches (42ms)
			SetupLoadedEditorAssemblies (205ms)
				LogAssemblyErrors (0ms)
				InitializePlatformSupportModulesInManaged (5ms)
				SetLoadedEditorAssemblies (0ms)
				RefreshPlugins (36ms)
				BeforeProcessingInitializeOnLoad (16ms)
				ProcessInitializeOnLoadAttributes (109ms)
				ProcessInitializeOnLoadMethodAttributes (39ms)
				AfterProcessingInitializeOnLoad (0ms)
				EditorAssembliesLoaded (0ms)
			ExecutionOrderSort2 (0ms)
			AwakeInstancesAfterBackupRestoration (0ms)
Platform modules already initialized, skipping
Registering precompiled user dll's ...
Registered in 0.003740 seconds.
Begin MonoManager ReloadAssembly
Native extension for WindowsStandalone target not found
Refreshing native plugins compatible for Editor in 0.35 ms, found 2 plugins.
Preloading 0 native plugins for Editor in 0.00 ms.
Mono: successfully reloaded assembly
- Completed reload, in  1.259 seconds
Domain Reload Profiling:
	ReloadAssembly (1260ms)
		BeginReloadAssembly (175ms)
			ExecutionOrderSort (0ms)
			DisableScriptedObjects (5ms)
			BackupInstance (0ms)
			ReleaseScriptingObjects (0ms)
			CreateAndSetChildDomain (22ms)
		EndReloadAssembly (1006ms)
			LoadAssemblies (102ms)
			RebuildTransferFunctionScriptingTraits (0ms)
			SetupTypeCache (345ms)
			ReleaseScriptCaches (0ms)
			RebuildScriptCaches (56ms)
			SetupLoadedEditorAssemblies (371ms)
				LogAssemblyErrors (0ms)
				InitializePlatformSupportModulesInManaged (6ms)
				SetLoadedEditorAssemblies (1ms)
				RefreshPlugins (0ms)
				BeforeProcessingInitializeOnLoad (99ms)
				ProcessInitializeOnLoadAttributes (254ms)
				ProcessInitializeOnLoadMethodAttributes (6ms)
				AfterProcessingInitializeOnLoad (6ms)
				EditorAssembliesLoaded (0ms)
			ExecutionOrderSort2 (0ms)
			AwakeInstancesAfterBackupRestoration (8ms)
Platform modules already initialized, skipping
========================================================================
Worker process is ready to serve import requests
Launched and connected shader compiler UnityShaderCompiler.exe after 0.09 seconds
Refreshing native plugins compatible for Editor in 0.34 ms, found 2 plugins.
Preloading 0 native plugins for Editor in 0.00 ms.
Unloading 1429 Unused Serialized files (Serialized files now loaded: 0)
System memory in use before: 67.2 MB.
System memory in use after: 67.3 MB.

Unloading 17 unused Assets to reduce memory usage. Loaded Objects now: 1866.
Total: 3.800500 ms (FindLiveObjects: 0.166200 ms CreateObjectMapping: 0.047500 ms MarkObjects: 3.508400 ms  DeleteObjects: 0.077000 ms)

AssetImportParameters requested are different than current active one (requested -> active):
  custom:framework-win-MediaFoundation: 216162199b28c13a410421893ffa2e32 -> 
  custom:video-decoder-ogg-theora: a1e56fd34408186e4bbccfd4996cb3dc -> 
  custom:container-muxer-webm: aa71ff27fc2769a1b78a27578f13a17b -> 
  custom:container-demuxer-webm: 4f35f7cbe854078d1ac9338744f61a02 -> 
  custom:container-demuxer-ogg: 62fdf1f143b41e24485cea50d1cbac27 -> 
  custom:video-encoder-webm-vp8: eb34c28f22e8b96e1ab97ce403110664 -> 
  custom:video-decoder-webm-vp8: 9c59270c3fd7afecdb556c50c9e8de78 -> 
  custom:audio-decoder-ogg-vorbis: bf7c407c2cedff20999df2af8eb42d56 -> 
  custom:audio-encoder-webm-vorbis: bf7c407c2cedff20999df2af8eb42d56 -> 
========================================================================
Received Import Request.
  path: Assets/Prefab/toy Variant 20.prefab
  artifactKey: Guid(419c65b8f3a74803ade41eb571801a9c) Importer(815301076,1909f56bfc062723c751e8b465ee728b)
Start importing Assets/Prefab/toy Variant 20.prefab using Guid(419c65b8f3a74803ade41eb571801a9c) Importer(815301076,1909f56bfc062723c751e8b465ee728b)  -> (artifact id: '2cddcbc57041c5f738350f0f8e9f1cb9') in 0.185862 seconds 
  Import took 0.188683 seconds .

========================================================================
Received Import Request.
  Time since last request: 16.834872 seconds.
  path: Assets/MonoBehaviour/Cosmic Lager SDF.asset
  artifactKey: Guid(d0ec0283efac43d5a184ef6af0d34b5b) Importer(815301076,1909f56bfc062723c751e8b465ee728b)
Start importing Assets/MonoBehaviour/Cosmic Lager SDF.asset using Guid(d0ec0283efac43d5a184ef6af0d34b5b) Importer(815301076,1909f56bfc062723c751e8b465ee728b)  -> (artifact id: '6c86f1c2cffa7d21b89401f5f731a0d2') in 0.063564 seconds 
  Import took 0.067192 seconds .

========================================================================
Received Import Request.
  Time since last request: 5.354637 seconds.
  path: Assets/Meshs/football.asset
  artifactKey: Guid(8ee89ee33113434fb21f5241381d8a81) Importer(815301076,1909f56bfc062723c751e8b465ee728b)
Start importing Assets/Meshs/football.asset using Guid(8ee89ee33113434fb21f5241381d8a81) Importer(815301076,1909f56bfc062723c751e8b465ee728b) Couldn't create a Convex Mesh from source mesh "football" within the maximum polygons limit (256). The partial hull will be used. Consider simplifying your mesh.
 -> (artifact id: 'd21f400381ffae0a2b96d5c57360d537') in 0.582317 seconds 
  Import took 0.585880 seconds .

========================================================================
Received Import Request.
  Time since last request: 14.822630 seconds.
  path: Assets/Meshs/default.asset
  artifactKey: Guid(f5611bf9f4ab407987c2ba6233934e1f) Importer(815301076,1909f56bfc062723c751e8b465ee728b)
Start importing Assets/Meshs/default.asset using Guid(f5611bf9f4ab407987c2ba6233934e1f) Importer(815301076,1909f56bfc062723c751e8b465ee728b)  -> (artifact id: '51896022716368c7f22d4a2ee3378b98') in 0.031201 seconds 
  Import took 0.033931 seconds .

========================================================================
Received Import Request.
  Time since last request: 0.838098 seconds.
  path: Assets/Meshs/Cylinder_d1.asset
  artifactKey: Guid(965359630a434e018947a7378ed53378) Importer(815301076,1909f56bfc062723c751e8b465ee728b)
Start importing Assets/Meshs/Cylinder_d1.asset using Guid(965359630a434e018947a7378ed53378) Importer(815301076,1909f56bfc062723c751e8b465ee728b)  -> (artifact id: '10564d3be16f4bcd2434603fe127a15c') in 0.037546 seconds 
  Import took 0.040406 seconds .

========================================================================
Received Import Request.
  Time since last request: 1.930449 seconds.
  path: Assets/Meshs/Cube.asset
  artifactKey: Guid(53075ee3bc164332a17da63e6b67b798) Importer(815301076,1909f56bfc062723c751e8b465ee728b)
Start importing Assets/Meshs/Cube.asset using Guid(53075ee3bc164332a17da63e6b67b798) Importer(815301076,1909f56bfc062723c751e8b465ee728b)  -> (artifact id: 'de87de5aec0abece5296b86dda2e9adc') in 0.027564 seconds 
  Import took 0.031446 seconds .

========================================================================
Received Import Request.
  Time since last request: 0.000220 seconds.
  path: Assets/Meshs/Cube_d5.asset
  artifactKey: Guid(c6a5907cc9f74448a5ddadfcb6602a58) Importer(815301076,1909f56bfc062723c751e8b465ee728b)
Start importing Assets/Meshs/Cube_d5.asset using Guid(c6a5907cc9f74448a5ddadfcb6602a58) Importer(815301076,1909f56bfc062723c751e8b465ee728b)  -> (artifact id: 'ef3862bab20188c65a0f3bf5f645860c') in 0.025723 seconds 
  Import took 0.029486 seconds .

========================================================================
Received Import Request.
  Time since last request: 0.000268 seconds.
  path: Assets/Meshs/OBJ003.asset
  artifactKey: Guid(e2ef6be5053644bb80207f598de396cb) Importer(815301076,1909f56bfc062723c751e8b465ee728b)
Start importing Assets/Meshs/OBJ003.asset using Guid(e2ef6be5053644bb80207f598de396cb) Importer(815301076,1909f56bfc062723c751e8b465ee728b)  -> (artifact id: '20756a925e3dd05fa3da110c0641df26') in 0.030346 seconds 
  Import took 0.034373 seconds .

========================================================================
Received Import Request.
  Time since last request: 0.000265 seconds.
  path: Assets/Meshs/volley_ball.asset
  artifactKey: Guid(2c53a9c5452c4ba19c19c472eac38668) Importer(815301076,1909f56bfc062723c751e8b465ee728b)
Start importing Assets/Meshs/volley_ball.asset using Guid(2c53a9c5452c4ba19c19c472eac38668) Importer(815301076,1909f56bfc062723c751e8b465ee728b) Couldn't create a Convex Mesh from source mesh "volley_ball" within the maximum polygons limit (256). The partial hull will be used. Consider simplifying your mesh.
 -> (artifact id: 'b234badb3000647dca6ab2fb858c0bdb') in 0.097041 seconds 
  Import took 0.100827 seconds .

========================================================================
Received Import Request.
  Time since last request: 0.000198 seconds.
  path: Assets/Meshs/Object002.asset
  artifactKey: Guid(ee29b426a9c34263a62618c27e94cd0f) Importer(815301076,1909f56bfc062723c751e8b465ee728b)
Start importing Assets/Meshs/Object002.asset using Guid(ee29b426a9c34263a62618c27e94cd0f) Importer(815301076,1909f56bfc062723c751e8b465ee728b)  -> (artifact id: 'fd949359dbf90e92c0cd42161fd9e685') in 0.039142 seconds 
  Import took 0.042421 seconds .

========================================================================
Received Import Request.
  Time since last request: 0.000227 seconds.
  path: Assets/Meshs/tennis_ball.asset
  artifactKey: Guid(30b2edb74c0143f69145fb091f73efb5) Importer(815301076,1909f56bfc062723c751e8b465ee728b)
Start importing Assets/Meshs/tennis_ball.asset using Guid(30b2edb74c0143f69145fb091f73efb5) Importer(815301076,1909f56bfc062723c751e8b465ee728b) Couldn't create a Convex Mesh from source mesh "tennis_ball" within the maximum polygons limit (256). The partial hull will be used. Consider simplifying your mesh.
 -> (artifact id: '2b181f544fb01b5c25bd814ea751df67') in 0.032453 seconds 
  Import took 0.036589 seconds .

========================================================================
Received Import Request.
  Time since last request: 0.000365 seconds.
  path: Assets/Meshs/soccer_ball.asset
  artifactKey: Guid(9c526f9df3a24e94bd3bf05b38c06bd7) Importer(815301076,1909f56bfc062723c751e8b465ee728b)
Start importing Assets/Meshs/soccer_ball.asset using Guid(9c526f9df3a24e94bd3bf05b38c06bd7) Importer(815301076,1909f56bfc062723c751e8b465ee728b) Couldn't create a Convex Mesh from source mesh "soccer_ball" within the maximum polygons limit (256). The partial hull will be used. Consider simplifying your mesh.
 -> (artifact id: '3883a2d1382e1fe9985e3fb88d146af3') in 0.062783 seconds 
  Import took 0.065404 seconds .

========================================================================
Received Import Request.
  Time since last request: 0.000200 seconds.
  path: Assets/Meshs/Cube_d3.asset
  artifactKey: Guid(ad88a2db4ae24223af7ff3fdef46e2c1) Importer(815301076,1909f56bfc062723c751e8b465ee728b)
Start importing Assets/Meshs/Cube_d3.asset using Guid(ad88a2db4ae24223af7ff3fdef46e2c1) Importer(815301076,1909f56bfc062723c751e8b465ee728b)  -> (artifact id: '1fc8cb5687fd87f42fafa8f300d4c4f6') in 0.027465 seconds 
  Import took 0.037003 seconds .

========================================================================
Received Import Request.
  Time since last request: 0.000263 seconds.
  path: Assets/Meshs/OBJ001.asset
  artifactKey: Guid(da879b84a6eb44b09d698e092ce4cd79) Importer(815301076,1909f56bfc062723c751e8b465ee728b)
Start importing Assets/Meshs/OBJ001.asset using Guid(da879b84a6eb44b09d698e092ce4cd79) Importer(815301076,1909f56bfc062723c751e8b465ee728b)  -> (artifact id: 'dff0a662dd6391de3f5110e1af2b158d') in 0.027941 seconds 
  Import took 0.032542 seconds .

========================================================================
Received Import Request.
  Time since last request: 0.000269 seconds.
  path: Assets/Meshs/Cube_d4.asset
  artifactKey: Guid(d03f2c1f41d04b928f1d56ffd2d0ceb2) Importer(815301076,1909f56bfc062723c751e8b465ee728b)
Start importing Assets/Meshs/Cube_d4.asset using Guid(d03f2c1f41d04b928f1d56ffd2d0ceb2) Importer(815301076,1909f56bfc062723c751e8b465ee728b)  -> (artifact id: '223b417995f645448b98a78ba990a90e') in 0.057323 seconds 
  Import took 0.060353 seconds .

========================================================================
Received Import Request.
  Time since last request: 0.000193 seconds.
  path: Assets/Meshs/OBJ002.asset
  artifactKey: Guid(ae7d4c01eff04172bffd320ba5c1b220) Importer(815301076,1909f56bfc062723c751e8b465ee728b)
Start importing Assets/Meshs/OBJ002.asset using Guid(ae7d4c01eff04172bffd320ba5c1b220) Importer(815301076,1909f56bfc062723c751e8b465ee728b)  -> (artifact id: '5d46f0cf9590fecc506aea0eb80db090') in 0.023522 seconds 
  Import took 0.026806 seconds .

========================================================================
Received Import Request.
  Time since last request: 0.000090 seconds.
  path: Assets/Meshs/Cube_d1.asset
  artifactKey: Guid(13b820456dde42adb92a0b40abd52dad) Importer(815301076,1909f56bfc062723c751e8b465ee728b)
Start importing Assets/Meshs/Cube_d1.asset using Guid(13b820456dde42adb92a0b40abd52dad) Importer(815301076,1909f56bfc062723c751e8b465ee728b)  -> (artifact id: '436ccf38a1ce243a1c827c5050957b87') in 0.031084 seconds 
  Import took 0.036031 seconds .

========================================================================
Received Import Request.
  Time since last request: 0.000267 seconds.
  path: Assets/Meshs/Cylinder.asset
  artifactKey: Guid(6f2c5bcef8224dc1bfa14cdebe2c7069) Importer(815301076,1909f56bfc062723c751e8b465ee728b)
Start importing Assets/Meshs/Cylinder.asset using Guid(6f2c5bcef8224dc1bfa14cdebe2c7069) Importer(815301076,1909f56bfc062723c751e8b465ee728b)  -> (artifact id: '6ab7c7338280f29049ced3402800eaeb') in 0.025230 seconds 
  Import took 0.028780 seconds .

========================================================================
Received Import Request.
  Time since last request: 0.000219 seconds.
  path: Assets/Meshs/Cube_d6.asset
  artifactKey: Guid(d2d8987ec70c4c2196cae178d38ec049) Importer(815301076,1909f56bfc062723c751e8b465ee728b)
Start importing Assets/Meshs/Cube_d6.asset using Guid(d2d8987ec70c4c2196cae178d38ec049) Importer(815301076,1909f56bfc062723c751e8b465ee728b)  -> (artifact id: '9c72ba956f0069fa8dbb474f2e4629ff') in 0.025239 seconds 
  Import took 0.030049 seconds .

========================================================================
Received Import Request.
  Time since last request: 0.000215 seconds.
  path: Assets/Meshs/Cube_d2.asset
  artifactKey: Guid(fb41b6c69cba494db2b99b46045ab232) Importer(815301076,1909f56bfc062723c751e8b465ee728b)
Start importing Assets/Meshs/Cube_d2.asset using Guid(fb41b6c69cba494db2b99b46045ab232) Importer(815301076,1909f56bfc062723c751e8b465ee728b)  -> (artifact id: 'e0da1dca772ba3432074af0e3f0285f6') in 0.037718 seconds 
  Import took 0.041728 seconds .

========================================================================
Received Import Request.
  Time since last request: 7.636508 seconds.
  path: Assets/Meshs/back_wings.asset
  artifactKey: Guid(b126bbedb4b24437bf9ebb78688c1f50) Importer(815301076,1909f56bfc062723c751e8b465ee728b)
Start importing Assets/Meshs/back_wings.asset using Guid(b126bbedb4b24437bf9ebb78688c1f50) Importer(815301076,1909f56bfc062723c751e8b465ee728b)  -> (artifact id: '413179382c527f794c14684240544518') in 3.071753 seconds 
  Import took 3.074951 seconds .

========================================================================
Received Import Request.
  Time since last request: 18.383694 seconds.
  path: Assets/Scripts/LevelUI.cs
  artifactKey: Guid(4b0a7726c83994fc5c17d12626e062b4) Importer(815301076,1909f56bfc062723c751e8b465ee728b)
Start importing Assets/Scripts/LevelUI.cs using Guid(4b0a7726c83994fc5c17d12626e062b4) Importer(815301076,1909f56bfc062723c751e8b465ee728b)  -> (artifact id: 'ef08048d92a90c0c53abc861ad00ffe2') in 0.016287 seconds 
  Import took 0.019430 seconds .

========================================================================
Received Import Request.
  Time since last request: 0.360457 seconds.
  path: Assets/Scripts/TouchControllerSc.cs
  artifactKey: Guid(0dfba6895ab86aba8dbb574ae340cbe0) Importer(815301076,1909f56bfc062723c751e8b465ee728b)
Start importing Assets/Scripts/TouchControllerSc.cs using Guid(0dfba6895ab86aba8dbb574ae340cbe0) Importer(815301076,1909f56bfc062723c751e8b465ee728b)  -> (artifact id: 'baadb7a51ee640b9ea2da9ff93c63caf') in 0.013374 seconds 
  Import took 0.016975 seconds .

========================================================================
Received Import Request.
  Time since last request: 0.761313 seconds.
  path: Assets/Scripts/ToyScript.cs
  artifactKey: Guid(6c3763dade4cba4bde200180e20624e3) Importer(815301076,1909f56bfc062723c751e8b465ee728b)
Start importing Assets/Scripts/ToyScript.cs using Guid(6c3763dade4cba4bde200180e20624e3) Importer(815301076,1909f56bfc062723c751e8b465ee728b)  -> (artifact id: '69fb88571e0fa7ceafe346ec0cc82b84') in 0.012691 seconds 
  Import took 0.016465 seconds .

========================================================================
Received Import Request.
  Time since last request: 0.670438 seconds.
  path: Assets/Scripts/UIFonctions.cs
  artifactKey: Guid(073482efc3f6da2cdb0f07b3539ff15b) Importer(815301076,1909f56bfc062723c751e8b465ee728b)
Start importing Assets/Scripts/UIFonctions.cs using Guid(073482efc3f6da2cdb0f07b3539ff15b) Importer(815301076,1909f56bfc062723c751e8b465ee728b)  -> (artifact id: 'dbac2b9b75fb38540f29729513e8f1b7') in 0.012371 seconds 
  Import took 0.016449 seconds .

========================================================================
Received Import Request.
  Time since last request: 2.423604 seconds.
  path: Assets/Scripts/Vibration.cs
  artifactKey: Guid(337237e85450772a1d68ae317e5c6d73) Importer(815301076,1909f56bfc062723c751e8b465ee728b)
Start importing Assets/Scripts/Vibration.cs using Guid(337237e85450772a1d68ae317e5c6d73) Importer(815301076,1909f56bfc062723c751e8b465ee728b)  -> (artifact id: '64ff86fc0713dabfd989231e40eeb85c') in 0.014181 seconds 
  Import took 0.018171 seconds .

========================================================================
Received Prepare
Registering precompiled user dll's ...
Registered in 0.004725 seconds.
Begin MonoManager ReloadAssembly
Native extension for WindowsStandalone target not found
Refreshing native plugins compatible for Editor in 0.36 ms, found 2 plugins.
Preloading 0 native plugins for Editor in 0.00 ms.
Mono: successfully reloaded assembly
- Completed reload, in  1.223 seconds
Domain Reload Profiling:
	ReloadAssembly (1224ms)
		BeginReloadAssembly (145ms)
			ExecutionOrderSort (0ms)
			DisableScriptedObjects (5ms)
			BackupInstance (0ms)
			ReleaseScriptingObjects (0ms)
			CreateAndSetChildDomain (42ms)
		EndReloadAssembly (998ms)
			LoadAssemblies (112ms)
			RebuildTransferFunctionScriptingTraits (0ms)
			SetupTypeCache (346ms)
			ReleaseScriptCaches (1ms)
			RebuildScriptCaches (45ms)
			SetupLoadedEditorAssemblies (356ms)
				LogAssemblyErrors (0ms)
				InitializePlatformSupportModulesInManaged (6ms)
				SetLoadedEditorAssemblies (1ms)
				RefreshPlugins (0ms)
				BeforeProcessingInitializeOnLoad (100ms)
				ProcessInitializeOnLoadAttributes (237ms)
				ProcessInitializeOnLoadMethodAttributes (5ms)
				AfterProcessingInitializeOnLoad (6ms)
				EditorAssembliesLoaded (0ms)
			ExecutionOrderSort2 (0ms)
			AwakeInstancesAfterBackupRestoration (9ms)
Platform modules already initialized, skipping
Switching build target platform(19) subTarget(0) extendedPlatform(0) -> platform(13) subTarget(589824) extendedPlatform(0)
Refreshing native plugins compatible for Editor in 0.35 ms, found 2 plugins.
Preloading 0 native plugins for Editor in 0.00 ms.
Unloading 1415 Unused Serialized files (Serialized files now loaded: 0)
System memory in use before: 69.3 MB.
System memory in use after: 69.4 MB.

Unloading 12 unused Assets to reduce memory usage. Loaded Objects now: 1878.
Total: 3.805800 ms (FindLiveObjects: 0.170500 ms CreateObjectMapping: 0.056000 ms MarkObjects: 3.556800 ms  DeleteObjects: 0.021200 ms)

AssetImportParameters requested are different than current active one (requested -> active):
  custom:framework-win-MediaFoundation: 216162199b28c13a410421893ffa2e32 -> 
  custom:video-decoder-ogg-theora: a1e56fd34408186e4bbccfd4996cb3dc -> 
  custom:container-muxer-webm: aa71ff27fc2769a1b78a27578f13a17b -> 
  custom:container-demuxer-webm: 4f35f7cbe854078d1ac9338744f61a02 -> 
  custom:container-demuxer-ogg: 62fdf1f143b41e24485cea50d1cbac27 -> 
  custom:video-encoder-webm-vp8: eb34c28f22e8b96e1ab97ce403110664 -> 
  custom:video-decoder-webm-vp8: 9c59270c3fd7afecdb556c50c9e8de78 -> 
  custom:graphics/normal-map-encoding: 01000000000000000000000000000000 -> 02000000000000000000000000000000
  custom:audio-decoder-ogg-vorbis: bf7c407c2cedff20999df2af8eb42d56 -> 
  custom:audio-encoder-webm-vorbis: bf7c407c2cedff20999df2af8eb42d56 -> 
========================================================================
Received Import Request.
  Time since last request: 95.467957 seconds.
  path: Assets/Resources/DOTweenSettings.asset
  artifactKey: Guid(6b46dc976c924071bd7c39c0d6956fb3) Importer(815301076,1909f56bfc062723c751e8b465ee728b)
Start importing Assets/Resources/DOTweenSettings.asset using Guid(6b46dc976c924071bd7c39c0d6956fb3) Importer(815301076,1909f56bfc062723c751e8b465ee728b)  -> (artifact id: '670f152eae0c9f3c1207f7e99ab1a267') in 0.033336 seconds 
  Import took 0.037340 seconds .

========================================================================
Received Import Request.
  Time since last request: 3.205335 seconds.
  path: Assets/Resources/TMP Settings.asset
  artifactKey: Guid(02237f80904449139abbba867b8c2f32) Importer(815301076,1909f56bfc062723c751e8b465ee728b)
Start importing Assets/Resources/TMP Settings.asset using Guid(02237f80904449139abbba867b8c2f32) Importer(815301076,1909f56bfc062723c751e8b465ee728b)  -> (artifact id: '235c9e9145a197d7ea267bed2d93b7da') in 1.143980 seconds 
  Import took 2.288482 seconds .

========================================================================
Received Import Request.
  Time since last request: 0.000085 seconds.
  path: Assets/Resources/LineBreaking Leading Characters.txt
  artifactKey: Guid(468864c1d9a84894a094c2d21b8f9620) Importer(815301076,1909f56bfc062723c751e8b465ee728b)
Start importing Assets/Resources/LineBreaking Leading Characters.txt using Guid(468864c1d9a84894a094c2d21b8f9620) Importer(815301076,1909f56bfc062723c751e8b465ee728b)  -> (artifact id: '63969a9979d79a0c3ef5629c79f639a5') in 0.101275 seconds 
  Import took 0.106209 seconds .

========================================================================
Received Import Request.
  Time since last request: 0.067847 seconds.
  path: Assets/Resources/LineBreaking Following Characters.txt
  artifactKey: Guid(65d30b98a1f24d1e9dab7819d95dfec4) Importer(815301076,1909f56bfc062723c751e8b465ee728b)
Start importing Assets/Resources/LineBreaking Following Characters.txt using Guid(65d30b98a1f24d1e9dab7819d95dfec4) Importer(815301076,1909f56bfc062723c751e8b465ee728b)  -> (artifact id: '7a9fd79e952f5c0dc5a16c6b5edc0ec4') in 0.031062 seconds 
  Import took 0.036865 seconds .

========================================================================
Received Import Request.
  Time since last request: 2.116178 seconds.
  path: Assets/Resources/fonts & materials
  artifactKey: Guid(e078bc9bb3662c145be7704bde59f2c4) Importer(815301076,1909f56bfc062723c751e8b465ee728b)
Start importing Assets/Resources/fonts & materials using Guid(e078bc9bb3662c145be7704bde59f2c4) Importer(815301076,1909f56bfc062723c751e8b465ee728b)  -> (artifact id: '29f05784e2dd98486aabe37eb55f9a8c') in 0.014984 seconds 
  Import took 0.017927 seconds .

========================================================================
Received Import Request.
  Time since last request: 3.369133 seconds.
  path: Assets/Resources/shaders
  artifactKey: Guid(7ffe82f5333a01949b9b1df47cc5c82b) Importer(815301076,1909f56bfc062723c751e8b465ee728b)
Start importing Assets/Resources/shaders using Guid(7ffe82f5333a01949b9b1df47cc5c82b) Importer(815301076,1909f56bfc062723c751e8b465ee728b)  -> (artifact id: 'e2d2d1991afc69ba0ea697b5648c60e2') in 0.015984 seconds 
  Import took 0.019575 seconds .

========================================================================
Received Import Request.
  Time since last request: 1.183761 seconds.
  path: Assets/Resources/shaders/TMPro_Properties.cginc
  artifactKey: Guid(ed128a2760b54770a7f52941ee77eb95) Importer(815301076,1909f56bfc062723c751e8b465ee728b)
Start importing Assets/Resources/shaders/TMPro_Properties.cginc using Guid(ed128a2760b54770a7f52941ee77eb95) Importer(815301076,1909f56bfc062723c751e8b465ee728b)  -> (artifact id: '55e20c9bff8f40b37f11ec0ddfde4637') in 0.015814 seconds 
  Import took 0.019151 seconds .

========================================================================
Received Import Request.
  Time since last request: 1.420883 seconds.
  path: Assets/Resources/sprite assets
  artifactKey: Guid(1ba69e0bcfd5d8244875c799850aabe4) Importer(815301076,1909f56bfc062723c751e8b465ee728b)
Start importing Assets/Resources/sprite assets using Guid(1ba69e0bcfd5d8244875c799850aabe4) Importer(815301076,1909f56bfc062723c751e8b465ee728b)  -> (artifact id: '18f440ab6c4dd951b4ac7f8e6d3cb2d8') in 0.012977 seconds 
  Import took 0.016002 seconds .

========================================================================
Received Import Request.
  Time since last request: 0.765881 seconds.
  path: Assets/Resources/sprite assets/EmojiOne.asset
  artifactKey: Guid(9025136d9c714135be40a692c10cf0e2) Importer(815301076,1909f56bfc062723c751e8b465ee728b)
Start importing Assets/Resources/sprite assets/EmojiOne.asset using Guid(9025136d9c714135be40a692c10cf0e2) Importer(815301076,1909f56bfc062723c751e8b465ee728b)  -> (artifact id: '9c12510bdf16e3ac29cc9a01f7fd300f') in 0.021474 seconds 
  Import took 0.025415 seconds .

========================================================================
Received Prepare
Registering precompiled user dll's ...
Registered in 0.004404 seconds.
Begin MonoManager ReloadAssembly
Native extension for WindowsStandalone target not found
Refreshing native plugins compatible for Editor in 0.47 ms, found 2 plugins.
Preloading 0 native plugins for Editor in 0.00 ms.
Mono: successfully reloaded assembly
- Completed reload, in  1.488 seconds
Domain Reload Profiling:
	ReloadAssembly (1488ms)
		BeginReloadAssembly (205ms)
			ExecutionOrderSort (0ms)
			DisableScriptedObjects (7ms)
			BackupInstance (0ms)
			ReleaseScriptingObjects (0ms)
			CreateAndSetChildDomain (63ms)
		EndReloadAssembly (1150ms)
			LoadAssemblies (149ms)
			RebuildTransferFunctionScriptingTraits (0ms)
			SetupTypeCache (416ms)
			ReleaseScriptCaches (1ms)
			RebuildScriptCaches (55ms)
			SetupLoadedEditorAssemblies (390ms)
				LogAssemblyErrors (0ms)
				InitializePlatformSupportModulesInManaged (7ms)
				SetLoadedEditorAssemblies (1ms)
				RefreshPlugins (1ms)
				BeforeProcessingInitializeOnLoad (108ms)
				ProcessInitializeOnLoadAttributes (261ms)
				ProcessInitializeOnLoadMethodAttributes (6ms)
				AfterProcessingInitializeOnLoad (7ms)
				EditorAssembliesLoaded (0ms)
			ExecutionOrderSort2 (0ms)
			AwakeInstancesAfterBackupRestoration (9ms)
Platform modules already initialized, skipping
Switching build target platform(19) subTarget(0) extendedPlatform(0) -> platform(13) subTarget(589824) extendedPlatform(0)
Refreshing native plugins compatible for Editor in 0.41 ms, found 2 plugins.
Preloading 0 native plugins for Editor in 0.00 ms.
Unloading 1415 Unused Serialized files (Serialized files now loaded: 0)
System memory in use before: 69.4 MB.
System memory in use after: 69.6 MB.

Unloading 12 unused Assets to reduce memory usage. Loaded Objects now: 1880.
Total: 4.465100 ms (FindLiveObjects: 0.336600 ms CreateObjectMapping: 0.159400 ms MarkObjects: 3.935900 ms  DeleteObjects: 0.030300 ms)

AssetImportParameters requested are different than current active one (requested -> active):
  custom:framework-win-MediaFoundation: 216162199b28c13a410421893ffa2e32 -> 
  custom:video-decoder-ogg-theora: a1e56fd34408186e4bbccfd4996cb3dc -> 
  custom:container-muxer-webm: aa71ff27fc2769a1b78a27578f13a17b -> 
  custom:container-demuxer-webm: 4f35f7cbe854078d1ac9338744f61a02 -> 
  custom:container-demuxer-ogg: 62fdf1f143b41e24485cea50d1cbac27 -> 
  custom:video-encoder-webm-vp8: eb34c28f22e8b96e1ab97ce403110664 -> 
  custom:video-decoder-webm-vp8: 9c59270c3fd7afecdb556c50c9e8de78 -> 
  custom:graphics/normal-map-encoding: 01000000000000000000000000000000 -> 02000000000000000000000000000000
  custom:audio-decoder-ogg-vorbis: bf7c407c2cedff20999df2af8eb42d56 -> 
  custom:audio-encoder-webm-vorbis: bf7c407c2cedff20999df2af8eb42d56 -> 
========================================================================
Received Import Request.
  Time since last request: 176.591708 seconds.
  path: Assets/Images/Cosmic Lager SDF Atlas.png
  artifactKey: Guid(c0c9dcc7f05b40c9b82e4b8c9b550ce8) Importer(815301076,1909f56bfc062723c751e8b465ee728b)
Start importing Assets/Images/Cosmic Lager SDF Atlas.png using Guid(c0c9dcc7f05b40c9b82e4b8c9b550ce8) Importer(815301076,1909f56bfc062723c751e8b465ee728b)  -> (artifact id: 'aefc8b2c5be9e6aa0e2c83626fe3ea14') in 0.137353 seconds 
  Import took 0.142906 seconds .

========================================================================
Received Import Request.
  Time since last request: 0.000281 seconds.
  path: Assets/Images/EmojiOne.png
  artifactKey: Guid(56837ec49a06481c90b32059da7acf0e) Importer(815301076,1909f56bfc062723c751e8b465ee728b)
Start importing Assets/Images/EmojiOne.png using Guid(56837ec49a06481c90b32059da7acf0e) Importer(815301076,1909f56bfc062723c751e8b465ee728b)  -> (artifact id: 'c557bb3be59b6b0f521e3a1166f27361') in 0.039791 seconds 
  Import took 0.044863 seconds .

========================================================================
Received Import Request.
  Time since last request: 0.000270 seconds.
  path: Assets/Images/white-glossy-rectangle-button-md.png
  artifactKey: Guid(d26c47f8eb244282b3fe8ff632b8cd0e) Importer(815301076,1909f56bfc062723c751e8b465ee728b)
Start importing Assets/Images/white-glossy-rectangle-button-md.png using Guid(d26c47f8eb244282b3fe8ff632b8cd0e) Importer(815301076,1909f56bfc062723c751e8b465ee728b)  -> (artifact id: '1bead2e1e3cee1d099725a75f63dadc6') in 0.075713 seconds 
  Import took 0.080534 seconds .

========================================================================
Received Import Request.
  Time since last request: 0.000543 seconds.
  path: Assets/TextMesh Pro/Sprites/EmojiOne.png
  artifactKey: Guid(dffef66376be4fa480fb02b19edbe903) Importer(815301076,1909f56bfc062723c751e8b465ee728b)
Start importing Assets/TextMesh Pro/Sprites/EmojiOne.png using Guid(dffef66376be4fa480fb02b19edbe903) Importer(815301076,1909f56bfc062723c751e8b465ee728b)  -> (artifact id: '78ae4311c403bd04b863bae5b215edaa') in 0.063545 seconds 
  Import took 0.067059 seconds .

========================================================================
Received Import Request.
  Time since last request: 0.000316 seconds.
  path: Assets/Resources/fonts & materials/LiberationSans SDF Atlas.png
  artifactKey: Guid(761e525a5d374450882116f66c576162) Importer(815301076,1909f56bfc062723c751e8b465ee728b)
Start importing Assets/Resources/fonts & materials/LiberationSans SDF Atlas.png using Guid(761e525a5d374450882116f66c576162) Importer(815301076,1909f56bfc062723c751e8b465ee728b)  -> (artifact id: '37b895712f5f5d81cd3e70ffaeba748c') in 0.049736 seconds 
  Import took 0.054053 seconds .

========================================================================
Received Import Request.
  Time since last request: 0.000299 seconds.
  path: Assets/Images/Square.png
  artifactKey: Guid(95f4f692e6064cd3b1d8560b19cd6446) Importer(815301076,1909f56bfc062723c751e8b465ee728b)
Start importing Assets/Images/Square.png using Guid(95f4f692e6064cd3b1d8560b19cd6446) Importer(815301076,1909f56bfc062723c751e8b465ee728b)  -> (artifact id: 'd5fe01988e4b905bbcc3b6d46ce04c7b') in 0.043023 seconds 
  Import took 0.049393 seconds .

========================================================================
Received Import Request.
  Time since last request: 0.000543 seconds.
  path: Assets/Images/play.png
  artifactKey: Guid(6b7eedf78b3044238eb63e15c2bc9dd1) Importer(815301076,1909f56bfc062723c751e8b465ee728b)
Start importing Assets/Images/play.png using Guid(6b7eedf78b3044238eb63e15c2bc9dd1) Importer(815301076,1909f56bfc062723c751e8b465ee728b)  -> (artifact id: 'a03596f7f0264f93442275b9a78fe32c') in 0.036379 seconds 
  Import took 0.042025 seconds .

========================================================================
Received Import Request.
  Time since last request: 0.000290 seconds.
  path: Assets/Images/star.png
  artifactKey: Guid(f3d000cf7c1a4f238daeb5371e141df2) Importer(815301076,1909f56bfc062723c751e8b465ee728b)
Start importing Assets/Images/star.png using Guid(f3d000cf7c1a4f238daeb5371e141df2) Importer(815301076,1909f56bfc062723c751e8b465ee728b)  -> (artifact id: '753dc60693b95d4747a9a1e4e172c983') in 0.039049 seconds 
  Import took 0.044304 seconds .

========================================================================
Received Import Request.
  Time since last request: 0.000266 seconds.
  path: Assets/Scenes x/mainScene/ReflectionProbe-0.exr
  artifactKey: Guid(0f65926354fbe7a48831a0a0ce0d2ef1) Importer(815301076,1909f56bfc062723c751e8b465ee728b)
Start importing Assets/Scenes x/mainScene/ReflectionProbe-0.exr using Guid(0f65926354fbe7a48831a0a0ce0d2ef1) Importer(815301076,1909f56bfc062723c751e8b465ee728b)  -> (artifact id: 'eb4b904aa19523866fdd774a99997a9e') in 0.097767 seconds 
  Import took 0.102820 seconds .

========================================================================
Received Import Request.
  Time since last request: 0.000226 seconds.
  path: Assets/Images/home-5-256.png
  artifactKey: Guid(e832c6e614a541279d69679fc1199451) Importer(815301076,1909f56bfc062723c751e8b465ee728b)
Start importing Assets/Images/home-5-256.png using Guid(e832c6e614a541279d69679fc1199451) Importer(815301076,1909f56bfc062723c751e8b465ee728b)  -> (artifact id: '37b87edf03c9051f2b635042d5bd57c7') in 0.038180 seconds 
  Import took 0.042955 seconds .

========================================================================
Received Import Request.
  Time since last request: 0.000245 seconds.
  path: Assets/Resources/fonts & materials/LiberationSans SDF Atlas_d1.png
  artifactKey: Guid(29981c0e8fdd4f4db66b8d463f59b105) Importer(815301076,1909f56bfc062723c751e8b465ee728b)
Start importing Assets/Resources/fonts & materials/LiberationSans SDF Atlas_d1.png using Guid(29981c0e8fdd4f4db66b8d463f59b105) Importer(815301076,1909f56bfc062723c751e8b465ee728b)  -> (artifact id: '5426fff1ccf0dd2820a352cdb01e50d9') in 0.045219 seconds 
  Import took 0.049629 seconds .

========================================================================
Received Import Request.
  Time since last request: 0.000241 seconds.
  path: Assets/Cubemap/ReflectionProbe-0.png
  artifactKey: Guid(747d837cc7da494ca4a64c627a61d1ef) Importer(815301076,1909f56bfc062723c751e8b465ee728b)
Start importing Assets/Cubemap/ReflectionProbe-0.png using Guid(747d837cc7da494ca4a64c627a61d1ef) Importer(815301076,1909f56bfc062723c751e8b465ee728b)  -> (artifact id: '66a36d9b2ac10c53f32c5661bb6dc557') in 0.056433 seconds 
  Import took 0.061368 seconds .

========================================================================
Received Prepare
Registering precompiled user dll's ...
Registered in 0.006402 seconds.
Begin MonoManager ReloadAssembly
Native extension for WindowsStandalone target not found
Refreshing native plugins compatible for Editor in 0.40 ms, found 2 plugins.
Preloading 0 native plugins for Editor in 0.00 ms.
Mono: successfully reloaded assembly
- Completed reload, in  1.476 seconds
Domain Reload Profiling:
	ReloadAssembly (1477ms)
		BeginReloadAssembly (158ms)
			ExecutionOrderSort (0ms)
			DisableScriptedObjects (6ms)
			BackupInstance (0ms)
			ReleaseScriptingObjects (0ms)
			CreateAndSetChildDomain (45ms)
		EndReloadAssembly (1223ms)
			LoadAssemblies (125ms)
			RebuildTransferFunctionScriptingTraits (0ms)
			SetupTypeCache (421ms)
			ReleaseScriptCaches (1ms)
			RebuildScriptCaches (61ms)
			SetupLoadedEditorAssemblies (437ms)
				LogAssemblyErrors (0ms)
				InitializePlatformSupportModulesInManaged (7ms)
				SetLoadedEditorAssemblies (1ms)
				RefreshPlugins (0ms)
				BeforeProcessingInitializeOnLoad (128ms)
				ProcessInitializeOnLoadAttributes (286ms)
				ProcessInitializeOnLoadMethodAttributes (7ms)
				AfterProcessingInitializeOnLoad (7ms)
				EditorAssembliesLoaded (0ms)
			ExecutionOrderSort2 (0ms)
			AwakeInstancesAfterBackupRestoration (11ms)
Platform modules already initialized, skipping
Switching build target platform(19) subTarget(0) extendedPlatform(0) -> platform(13) subTarget(589824) extendedPlatform(0)
Refreshing native plugins compatible for Editor in 0.41 ms, found 2 plugins.
Preloading 0 native plugins for Editor in 0.00 ms.
Unloading 1415 Unused Serialized files (Serialized files now loaded: 0)
System memory in use before: 69.7 MB.
System memory in use after: 69.8 MB.

Unloading 12 unused Assets to reduce memory usage. Loaded Objects now: 1916.
Total: 4.645400 ms (FindLiveObjects: 0.210500 ms CreateObjectMapping: 0.065100 ms MarkObjects: 4.343400 ms  DeleteObjects: 0.024900 ms)

AssetImportParameters requested are different than current active one (requested -> active):
  custom:framework-win-MediaFoundation: 216162199b28c13a410421893ffa2e32 -> 
  custom:video-decoder-ogg-theora: a1e56fd34408186e4bbccfd4996cb3dc -> 
  custom:container-muxer-webm: aa71ff27fc2769a1b78a27578f13a17b -> 
  custom:container-demuxer-webm: 4f35f7cbe854078d1ac9338744f61a02 -> 
  custom:container-demuxer-ogg: 62fdf1f143b41e24485cea50d1cbac27 -> 
  custom:video-encoder-webm-vp8: eb34c28f22e8b96e1ab97ce403110664 -> 
  custom:video-decoder-webm-vp8: 9c59270c3fd7afecdb556c50c9e8de78 -> 
  custom:graphics/normal-map-encoding: 01000000000000000000000000000000 -> 02000000000000000000000000000000
  custom:audio-decoder-ogg-vorbis: bf7c407c2cedff20999df2af8eb42d56 -> 
  custom:audio-encoder-webm-vorbis: bf7c407c2cedff20999df2af8eb42d56 -> 
AssetImportWorkerClient::OnTransportError - code=2 error=End of file
